TN:
SF:calculadora.js
FN:3,somar
FN:7,subtrair
FN:11,multiplicar
FN:19,dividir
FNF:4
FNH:4
FNDA:1,somar
FNDA:1,subtrair
FNDA:1,multiplicar
FNDA:1,dividir
DA:4,1
DA:8,1
DA:12,1
DA:13,1
DA:14,1
DA:16,1
DA:20,1
DA:23,1
LF:8
LH:8
BRDA:12,0,0,1
BRDA:12,0,1,0
BRF:2
BRH:1
end_of_record
TN:
SF:medidorGasolina.js
FN:2,GastoDeCombustivel
FNF:1
FNH:1
FNDA:5,GastoDeCombustivel
DA:6,5
DA:7,5
DA:9,5
DA:10,3
DA:12,2
DA:13,1
DA:15,1
DA:18,4
DA:23,1
DA:24,1
DA:27,1
LF:11
LH:11
BRDA:9,0,0,3
BRDA:9,0,1,2
BRDA:12,1,0,1
BRDA:12,1,1,1
BRF:4
BRH:4
end_of_record
